<?xml version="1.0" encoding="UTF-8"?>
<!-- Generated by org.testng.reporters.JUnitReportReporter -->
<testsuite hostname="LAPTOP-CHRKA5IG" failures="0" tests="1" name="org.tactics.tests.ProductSearchTest" time="93.392" errors="0" timestamp="2024-08-06T15:32:08 IST" skipped="0">
  <testcase classname="org.tactics.tests.ProductSearchTest" name="searchProduct" time="93.392"/>
</testsuite> <!-- org.tactics.tests.ProductSearchTest -->
