<?xml version="1.0" encoding="UTF-8"?>
<!-- Generated by org.testng.reporters.JUnitReportReporter -->
<testsuite hostname="LAPTOP-CHRKA5IG" failures="0" tests="1" name="org.tactics.tests.ProductSearchTest" time="70.909" errors="0" timestamp="2024-08-06T16:32:36 IST" skipped="0">
  <testcase classname="org.tactics.tests.ProductSearchTest" name="loginAccount" time="70.909"/>
</testsuite> <!-- org.tactics.tests.ProductSearchTest -->
